<?xml version="1.0" encoding="UTF-8"?>
<beans xmlns="http://www.springframework.org/schema/beans"
       xmlns:xsi="http://www.w3.org/2001/XMLSchema-instance" xmlns:aop="http://www.springframework.org/schema/aop"
       xmlns:jpa="http://www.springframework.org/schema/data/jpa"
       xmlns:jdbc="http://www.springframework.org/schema/jdbc"
       xmlns:tx="http://www.springframework.org/schema/tx" xmlns:p="http://www.springframework.org/schema/p"
       xmlns:context="http://www.springframework.org/schema/context"
       xmlns:mvc="http://www.springframework.org/schema/mvc" xmlns:task="http://www.springframework.org/schema/task"
       xsi:schemaLocation="http://www.springframework.org/schema/beans
http://www.springframework.org/schema/beans/spring-beans-3.0.xsd	
http://www.springframework.org/schema/context	
http://www.springframework.org/schema/context/spring-context-3.0.xsd 
http://www.springframework.org/schema/mvc 
http://www.springframework.org/schema/mvc/spring-mvc-3.2.xsd
http://www.springframework.org/schema/data/jpa 
http://www.springframework.org/schema/data/jpa/spring-jpa-1.3.xsd
http://www.springframework.org/schema/aop http://www.springframework.org/schema/aop/spring-aop-3.2.xsd
http://www.springframework.org/schema/jdbc http://www.springframework.org/schema/jdbc/spring-jdbc-3.2.xsd
http://www.springframework.org/schema/tx http://www.springframework.org/schema/tx/spring-tx-3.2.xsd
http://www.springframework.org/schema/task http://www.springframework.org/schema/task/spring-task-3.1.xsd">


    <!-- 寮�鍚粍浠舵壂鎻� -->
    <context:component-scan base-package="com.dj.mapper"></context:component-scan>

    <!-- 寮曞叆閰嶇疆鏂囦欢 -->
    <context:property-placeholder location="classpath:jdbc.properties"/>

    <!-- 杞藉叆鏁版嵁婧� -->
    <!-- 鏁版嵁婧� -->
    <bean id="dataSource" class="org.apache.commons.dbcp.BasicDataSource">
        <!-- Connection Info -->
        <property name="driverClassName" value="${fatfa.jdbc.driver}"/>
        <property name="url" value="${fatfa.jdbc.url}"/>
        <property name="username" value="${fatfa.jdbc.username}"/>
        <property name="password" value="${fatfa.jdbc.password}"/>


    </bean>


    <!-- 鏁村悎Mybatis -->
    <!-- 閰嶇疆SqlSessionFactory -->
    <bean id="sqlSessionFactory" class="org.mybatis.spring.SqlSessionFactoryBean">
        <!-- 娉ㄥ叆dataSource -->
        <property name="dataSource" ref="dataSource"></property>
        <!-- 閰嶇疆寮曞叆Mapper鏂囦欢 -->
        <property name="mapperLocations" value="classpath:cn/spring/mapper/*.xml"></property>
        <!-- 閰嶇疆鍒悕  鍒悕榛樿鏄被鍚嶄笉鍖哄垎澶у皬鍐�-->
        <property name="typeAliasesPackage" value="com.dj.model"></property>
    </bean>

    <!-- 閰嶇疆mapper鎵弿鍣�  鑷姩鎵弿鏌愪釜鐖跺寘涓嬮潰鐨刴apper鎺ュ彛 鑷姩鐢熸垚瀹炵幇绫�-->
    <!-- 鐢熸垚鐨勫疄鐜扮被浼氫氦缁橲pring绠＄悊 鐒跺悗鍙互閫氳繃绫诲悕鐨勯瀛楁瘝灏忓啓鑾峰彇 -->
    <bean class="org.mybatis.spring.mapper.MapperScannerConfigurer">
        <!-- 閰嶇疆鎵弿鏌愪釜鍖呬笅闈㈢殑鎺ュ彛  濡傛灉闇�瑕侀厤缃涓寘  涓棿鐢�,鎴栬��;闅斿紑 -->
        <property name="basePackage" value="com.dj.mapper"></property>
        <!-- 娉ㄥ叆 sqlSessionFactory 濡傛灉浣犲彧閰嶇疆涓�涓暟鎹簮 鍙互涓嶆敞鍏�  鎺ㄨ崘鍐欎笂 -->
        <property name="sqlSessionFactoryBeanName" value="sqlSessionFactory"></property>
    </bean>
</beans>